# JRE version: OpenJDK Runtime Environment (16.0.1+9) (build 16.0.1+9-24)
# Java VM: OpenJDK 64-Bit Server VM (16.0.1+9-24, mixed mode, sharing, tiered, compressed oops, compressed class ptrs, g1 gc, windows-amd64)
GC Precious Log:
 CPUs: 12 total, 12 available
 Memory: 32702M
 Large Page Support: Disabled
 NUMA Support: Disabled
 Compressed Oops: Enabled (Zero based)
 Heap Region Size: 4M
 Heap Min Capacity: 8M
 Heap Initial Capacity: 512M
 Heap Max Capacity: 8176M
 Pre-touch: Disabled
 Parallel Workers: 10
 Concurrent Workers: 3
 Concurrent Refinement Workers: 10
 Periodic GC: Disabled
Heap:
 garbage-first heap   total 57344K, used 30403K [0x0000000601000000, 0x0000000800000000)
  region size 4096K, 8 young (32768K), 1 survivors (4096K)
 Metaspace       used 23308K, committed 23552K, reserved 1073152K
  class space    used 2452K, committed 2560K, reserved 1048576K
GC Heap History (6 events):
Event: 0.764 GC heap before
{Heap before GC invocations=0 (full 0):
 garbage-first heap   total 524288K, used 24576K [0x0000000601000000, 0x0000000800000000)
  region size 4096K, 6 young (24576K), 0 survivors (0K)
 Metaspace       used 10211K, committed 10368K, reserved 1064960K
  class space    used 1026K, committed 1088K, reserved 1048576K
}
Event: 0.771 GC heap after
{Heap after GC invocations=1 (full 0):
 garbage-first heap   total 524288K, used 3226K [0x0000000601000000, 0x0000000800000000)
  region size 4096K, 1 young (4096K), 1 survivors (4096K)
 Metaspace       used 10211K, committed 10368K, reserved 1064960K
  class space    used 1026K, committed 1088K, reserved 1048576K
}
Event: 1.514 GC heap before
{Heap before GC invocations=1 (full 0):
 garbage-first heap   total 524288K, used 31898K [0x0000000601000000, 0x0000000800000000)
  region size 4096K, 8 young (32768K), 1 survivors (4096K)
 Metaspace       used 18966K, committed 19200K, reserved 1073152K
  class space    used 2047K, committed 2176K, reserved 1048576K
}
Event: 1.519 GC heap after
{Heap after GC invocations=2 (full 0):
 garbage-first heap   total 524288K, used 5605K [0x0000000601000000, 0x0000000800000000)
  region size 4096K, 1 young (4096K), 1 survivors (4096K)
 Metaspace       used 18966K, committed 19200K, reserved 1073152K
  class space    used 2047K, committed 2176K, reserved 1048576K
}
Event: 3.334 GC heap before
{Heap before GC invocations=2 (full 0):
 garbage-first heap   total 524288K, used 17893K [0x0000000601000000, 0x0000000800000000)
  region size 4096K, 5 young (20480K), 1 survivors (4096K)
 Metaspace       used 21084K, committed 21248K, reserved 1073152K
  class space    used 2267K, committed 2368K, reserved 1048576K
}
Event: 3.336 GC heap after
{Heap after GC invocations=3 (full 0):
 garbage-first heap   total 524288K, used 5827K [0x0000000601000000, 0x0000000800000000)
  region size 4096K, 1 young (4096K), 1 survivors (4096K)
 Metaspace       used 21084K, committed 21248K, reserved 1073152K
  class space    used 2267K, committed 2368K, reserved 1048576K
}

